<?xml version="1.0" encoding="UTF-8"?>
<testsuite xmlns:xsi="http://www.w3.org/2001/XMLSchema-instance" xsi:noNamespaceSchemaLocation="https://maven.apache.org/surefire/maven-surefire-plugin/xsd/surefire-test-report-3.0.xsd" version="3.0" name="TestSuite" time="27.94" tests="14" errors="0" skipped="0" failures="1">
  <properties>
[...]
</properties>
  <testcase name="runScenario[&quot;Home page default login&quot;, &quot;Optional[application login]&quot;](1)" classname="cucumberRunner.TestNGRunner" time="0.372">
    <system-out><![CDATA[
@SanityTest @SmokeTest
Scenario: Home page default login                                         # src/test/java/features/Account.feature:7
@user is on netbanking landing page
  Given user is on netbanking landing page                                # stepDefination.StepDefination.user_is_on_netbanking_landing_page()
Username: "brij"  Password: 1234
  When user login into application with username "brij" and password 1234 # stepDefination.StepDefination.user_login_into_application_with_username_and_password(java.lang.String,int)
@home page is populated
  Then home page is populated                                             # stepDefination.StepDefination.home_page_is_populated()
@cards are displayed: false
  And cards displayed "true"                                              # stepDefination.StepDefination.cards_are_displayed(java.lang.String)
]]></system-out>
  </testcase>
  <testcase name="runScenario[&quot;Mobile test Home page default login&quot;, &quot;Optional[application login]&quot;](2)" classname="cucumberRunner.TestNGRunner" time="0.05">
    <system-out><![CDATA[
@MobileTest
Scenario: Mobile test Home page default login                             # src/test/java/features/Account.feature:14
before mobile hook
@user is on netbanking landing page
  Given user is on netbanking landing page                                # stepDefination.StepDefination.user_is_on_netbanking_landing_page()
Username: "brij"  Password: 1234
  When user login into application with username "brij" and password 1234 # stepDefination.StepDefination.user_login_into_application_with_username_and_password(java.lang.String,int)
@home page is populated
  Then home page is populated                                             # stepDefination.StepDefination.home_page_is_populated()
@cards are displayed: false
  And cards displayed "true"                                              # stepDefination.StepDefination.cards_are_displayed(java.lang.String)
after mobile hook
]]></system-out>
  </testcase>
  <testcase name="runScenario[&quot;Home page default login&quot;, &quot;Optional[application login]&quot;](3)" classname="cucumberRunner.TestNGRunner" time="0.066">
    <system-out><![CDATA[
@RegTest
Scenario: Home page default login                                         # src/test/java/features/Login.feature:7
background tag is getting executed
  Given init background                                                   # stepDefination.StepDefination.backgroundRun()
@user is on netbanking landing page
  Given user is on netbanking landing page                                # stepDefination.StepDefination.user_is_on_netbanking_landing_page()
Username: "brij"  Password: 1234
  When user login into application with username "brij" and password 1234 # stepDefination.StepDefination.user_login_into_application_with_username_and_password(java.lang.String,int)
@home page is populated
  Then home page is populated                                             # stepDefination.StepDefination.home_page_is_populated()
@cards are displayed: false
  And cards displayed "true"                                              # stepDefination.StepDefination.cards_are_displayed(java.lang.String)
]]></system-out>
  </testcase>
  <testcase name="runScenario[&quot;Home page default login&quot;, &quot;Optional[application login]&quot;](4)" classname="cucumberRunner.TestNGRunner" time="0.039">
    <system-out><![CDATA[
@BrijTest
Scenario: Home page default login                                         # src/test/java/features/Login.feature:14
background tag is getting executed
  Given init background                                                   # stepDefination.StepDefination.backgroundRun()
@user is on netbanking landing page
  Given user is on netbanking landing page                                # stepDefination.StepDefination.user_is_on_netbanking_landing_page()
Username: "kunu"  Password: 1234
  When user login into application with username "kunu" and password 1234 # stepDefination.StepDefination.user_login_into_application_with_username_and_password(java.lang.String,int)
@home page is populated
  Then home page is populated                                             # stepDefination.StepDefination.home_page_is_populated()
@cards are displayed: false
  And cards displayed "false"                                             # stepDefination.StepDefination.cards_are_displayed(java.lang.String)
]]></system-out>
  </testcase>
  <testcase name="runScenario[&quot;Home page default login&quot;, &quot;Optional[application login]&quot;](5)" classname="cucumberRunner.TestNGRunner" time="0.389">
    <system-out><![CDATA[
@KunikaTest
Scenario: Home page default login                                         # src/test/java/features/Login.feature:21
background tag is getting executed
  Given init background                                                   # stepDefination.StepDefination.backgroundRun()
@user is on netbanking landing page
  Given user is on netbanking landing page                                # stepDefination.StepDefination.user_is_on_netbanking_landing_page()
Username: "kunu"  Password: 1234
  When user login into application with username "kunu" and password 1234 # stepDefination.StepDefination.user_login_into_application_with_username_and_password(java.lang.String,int)
@home page is populated
  Then home page is populated                                             # stepDefination.StepDefination.home_page_is_populated()
@cards are displayed: false
  And cards displayed "false"                                             # stepDefination.StepDefination.cards_are_displayed(java.lang.String)
]]></system-out>
  </testcase>
  <testcase name="runScenario[&quot;Home page default login&quot;, &quot;Optional[application login]&quot;](6)" classname="cucumberRunner.TestNGRunner" time="0.081">
    <system-out><![CDATA[
@SmokeTest
Scenario: Home page default login          # src/test/java/features/Login.feature:28
background tag is getting executed
  Given init background                    # stepDefination.StepDefination.backgroundRun()
@user is on netbanking landing page
  Given user is on netbanking landing page # stepDefination.StepDefination.user_is_on_netbanking_landing_page()
[Kunika Jaiswal, Kunu1234, 9876543210, kunu@female.com, Pune]
Kunika Jaiswal
Kunu1234
9876543210
kunu@female.com
Pune
  When user signup with following details  # stepDefination.StepDefination.user_signup_with_following_details(io.cucumber.datatable.DataTable)
@home page is populated
  Then home page is populated              # stepDefination.StepDefination.home_page_is_populated()
@cards are displayed: false
  And cards displayed "true"               # stepDefination.StepDefination.cards_are_displayed(java.lang.String)
]]></system-out>
  </testcase>
  <testcase name="runScenario[&quot;Home page default login&quot;, &quot;Optional[application login]&quot;](7)" classname="cucumberRunner.TestNGRunner" time="0.028">
    <system-out><![CDATA[
@SmokeTest
Scenario Outline: Home page default login                                # src/test/java/features/Login.feature:44
background tag is getting executed
  Given init background                                                  # stepDefination.StepDefination.backgroundRun()
@user is on netbanking landing page
  Given user is on netbanking landing page                               # stepDefination.StepDefination.user_is_on_netbanking_landing_page()
Username: Kunu1  Password: 1234
  When user login into application with username Kunu1 and password 1234 # stepDefination.StepDefination.user_login_into_application_with_username_and_password(java.lang.String,int)
@home page is populated
  Then home page is populated                                            # stepDefination.StepDefination.home_page_is_populated()
@cards are displayed: true
  And cards displayed true                                               # stepDefination.StepDefination.cards_are_displayed(java.lang.String)
]]></system-out>
  </testcase>
  <testcase name="runScenario[&quot;Home page default login&quot;, &quot;Optional[application login]&quot;](8)" classname="cucumberRunner.TestNGRunner" time="0.047">
    <system-out><![CDATA[
@SmokeTest
Scenario Outline: Home page default login                                # src/test/java/features/Login.feature:45
background tag is getting executed
  Given init background                                                  # stepDefination.StepDefination.backgroundRun()
@user is on netbanking landing page
  Given user is on netbanking landing page                               # stepDefination.StepDefination.user_is_on_netbanking_landing_page()
Username: brij1  Password: 4321
  When user login into application with username brij1 and password 4321 # stepDefination.StepDefination.user_login_into_application_with_username_and_password(java.lang.String,int)
@home page is populated
  Then home page is populated                                            # stepDefination.StepDefination.home_page_is_populated()
@cards are displayed: false
  And cards displayed false                                              # stepDefination.StepDefination.cards_are_displayed(java.lang.String)
]]></system-out>
  </testcase>
  <testcase name="runScenario[&quot;Mobile test Home page default login&quot;, &quot;Optional[application login]&quot;](9)" classname="cucumberRunner.TestNGRunner" time="0.235">
    <system-out><![CDATA[
@MobileTest
Scenario: Mobile test Home page default login                             # src/test/java/features/Mobile.feature:7
before mobile hook
baackground is executed
  Given this is backgournd code                                           # stepDefination.StepDefination.this_is_backgound()
@user is on netbanking landing page
  Given user is on netbanking landing page                                # stepDefination.StepDefination.user_is_on_netbanking_landing_page()
Username: "brij"  Password: 1234
  When user login into application with username "brij" and password 1234 # stepDefination.StepDefination.user_login_into_application_with_username_and_password(java.lang.String,int)
@home page is populated
  Then home page is populated                                             # stepDefination.StepDefination.home_page_is_populated()
@cards are displayed: false
  And cards displayed "true"                                              # stepDefination.StepDefination.cards_are_displayed(java.lang.String)
after mobile hook
]]></system-out>
  </testcase>
  <testcase name="runScenario[&quot;Mobile test Home page default login&quot;, &quot;Optional[application login]&quot;](10)" classname="cucumberRunner.TestNGRunner" time="0.066">
    <system-out><![CDATA[
@MobileTest
Scenario: Mobile test Home page default login                             # src/test/java/features/Mobile.feature:14
before mobile hook
baackground is executed
  Given this is backgournd code                                           # stepDefination.StepDefination.this_is_backgound()
@user is on netbanking landing page
  Given user is on netbanking landing page                                # stepDefination.StepDefination.user_is_on_netbanking_landing_page()
Username: "brij"  Password: 1234
  When user login into application with username "brij" and password 1234 # stepDefination.StepDefination.user_login_into_application_with_username_and_password(java.lang.String,int)
@home page is populated
  Then home page is populated                                             # stepDefination.StepDefination.home_page_is_populated()
@cards are displayed: false
  And cards displayed "true"                                              # stepDefination.StepDefination.cards_are_displayed(java.lang.String)
after mobile hook
]]></system-out>
  </testcase>
  <testcase name="runScenario[&quot;Search for items and validate result&quot;, &quot;Optional[Search and place order of vegitables]&quot;](11)" classname="cucumberRunner.TestNGRunner" time="13.057">
    <system-out><![CDATA[
@SeleniumPractice @BrinjalTag
Scenario: Search for items and validate result # src/test/java/features/SeleniumPractice.feature:6
  Given User is on Greencart landing page      # stepDefination.SeleniumPracticeStepDefinitation.user_is_on_greencart_landing_page()
  When User serach for "Cucumber" vegitable    # stepDefination.SeleniumPracticeStepDefinitation.user_serach_for_vegitable(java.lang.String)
  Then "Cucumber" results are displayed        # stepDefination.SeleniumPracticeStepDefinitation.results_are_displayed(java.lang.String)
]]></system-out>
    <system-err><![CDATA[Starting ChromeDriver 92.0.4515.43 (8c61b7e2989f2990d42f859cac71319137787cce-refs/branch-heads/4515@{#306}) on port 12830
Only local connections are allowed.
Please see https://chromedriver.chromium.org/security-considerations for suggestions on keeping ChromeDriver safe.
ChromeDriver was started successfully.
Aug 10, 2021 9:43:55 PM org.openqa.selenium.remote.ProtocolHandshake createSession
INFO: Detected dialect: W3C
]]></system-err>
  </testcase>
  <testcase name="runScenario[&quot;Search for items and then move to checkout page&quot;, &quot;Optional[Search and place order of vegitables]&quot;](12)" classname="cucumberRunner.TestNGRunner" time="11.443">
    <failure message="chrome not reachable&#10;  (Session info: chrome=92.0.4515.131)&#10;Build info: version: &apos;3.141.59&apos;, revision: &apos;e82be7d358&apos;, time: &apos;2018-11-14T08:17:03&apos;&#10;System info: host: &apos;DESKTOP-S0IV8SP&apos;, ip: &apos;192.168.0.102&apos;, os.name: &apos;Windows 10&apos;, os.arch: &apos;amd64&apos;, os.version: &apos;10.0&apos;, java.version: &apos;1.8.0_281&apos;&#10;Driver info: org.openqa.selenium.chrome.ChromeDriver&#10;Capabilities {acceptInsecureCerts: false, browserName: chrome, browserVersion: 92.0.4515.131, chrome: {chromedriverVersion: 92.0.4515.43 (8c61b7e2989f2..., userDataDir: C:\Users\LENOVO\AppData\Loc...}, goog:chromeOptions: {debuggerAddress: localhost:55354}, javascriptEnabled: true, networkConnectionEnabled: false, pageLoadStrategy: normal, platform: WINDOWS, platformName: WINDOWS, proxy: Proxy(), setWindowRect: true, strictFileInteractability: false, timeouts: {implicit: 0, pageLoad: 300000, script: 30000}, unhandledPromptBehavior: dismiss and notify, webauthn:extension:credBlob: true, webauthn:extension:largeBlob: true, webauthn:virtualAuthenticators: true}&#10;Session ID: 982f9c64536979f68017f57490a76090&#10;*** Element info: {Using=xpath, value=//input[@type=&apos;search&apos;]}" type="org.openqa.selenium.WebDriverException"><![CDATA[org.openqa.selenium.WebDriverException: 
chrome not reachable
  (Session info: chrome=92.0.4515.131)
Build info: version: '3.141.59', revision: 'e82be7d358', time: '2018-11-14T08:17:03'
System info: host: 'DESKTOP-S0IV8SP', ip: '192.168.0.102', os.name: 'Windows 10', os.arch: 'amd64', os.version: '10.0', java.version: '1.8.0_281'
Driver info: org.openqa.selenium.chrome.ChromeDriver
Capabilities {acceptInsecureCerts: false, browserName: chrome, browserVersion: 92.0.4515.131, chrome: {chromedriverVersion: 92.0.4515.43 (8c61b7e2989f2..., userDataDir: C:\Users\LENOVO\AppData\Loc...}, goog:chromeOptions: {debuggerAddress: localhost:55354}, javascriptEnabled: true, networkConnectionEnabled: false, pageLoadStrategy: normal, platform: WINDOWS, platformName: WINDOWS, proxy: Proxy(), setWindowRect: true, strictFileInteractability: false, timeouts: {implicit: 0, pageLoad: 300000, script: 30000}, unhandledPromptBehavior: dismiss and notify, webauthn:extension:credBlob: true, webauthn:extension:largeBlob: true, webauthn:virtualAuthenticators: true}
Session ID: 982f9c64536979f68017f57490a76090
*** Element info: {Using=xpath, value=//input[@type='search']}
]]></failure>
    <system-out><![CDATA[
@SeleniumPractice @tag2
Scenario: Search for items and then move to checkout page              # src/test/java/features/SeleniumPractice.feature:12
  Given User is on Greencart landing page                              # stepDefination.SeleniumPracticeStepDefinitation.user_is_on_greencart_landing_page()
  When User serach for "Brinjal" vegitable                             # stepDefination.SeleniumPracticeStepDefinitation.user_serach_for_vegitable(java.lang.String)
      org.openqa.selenium.WebDriverException: chrome not reachable
  (Session info: chrome=92.0.4515.131)
Build info: version: '3.141.59', revision: 'e82be7d358', time: '2018-11-14T08:17:03'
System info: host: 'DESKTOP-S0IV8SP', ip: '192.168.0.102', os.name: 'Windows 10', os.arch: 'amd64', os.version: '10.0', java.version: '1.8.0_281'
Driver info: org.openqa.selenium.chrome.ChromeDriver
Capabilities {acceptInsecureCerts: false, browserName: chrome, browserVersion: 92.0.4515.131, chrome: {chromedriverVersion: 92.0.4515.43 (8c61b7e2989f2..., userDataDir: C:\Users\LENOVO\AppData\Loc...}, goog:chromeOptions: {debuggerAddress: localhost:55354}, javascriptEnabled: true, networkConnectionEnabled: false, pageLoadStrategy: normal, platform: WINDOWS, platformName: WINDOWS, proxy: Proxy(), setWindowRect: true, strictFileInteractability: false, timeouts: {implicit: 0, pageLoad: 300000, script: 30000}, unhandledPromptBehavior: dismiss and notify, webauthn:extension:credBlob: true, webauthn:extension:largeBlob: true, webauthn:virtualAuthenticators: true}
Session ID: 982f9c64536979f68017f57490a76090
*** Element info: {Using=xpath, value=//input[@type='search']}
	at sun.reflect.NativeConstructorAccessorImpl.newInstance0(Native Method)
	at sun.reflect.NativeConstructorAccessorImpl.newInstance(NativeConstructorAccessorImpl.java:62)
	at sun.reflect.DelegatingConstructorAccessorImpl.newInstance(DelegatingConstructorAccessorImpl.java:45)
	at java.lang.reflect.Constructor.newInstance(Constructor.java:423)
	at org.openqa.selenium.remote.http.W3CHttpResponseCodec.createException(W3CHttpResponseCodec.java:187)
	at org.openqa.selenium.remote.http.W3CHttpResponseCodec.decode(W3CHttpResponseCodec.java:122)
	at org.openqa.selenium.remote.http.W3CHttpResponseCodec.decode(W3CHttpResponseCodec.java:49)
	at org.openqa.selenium.remote.HttpCommandExecutor.execute(HttpCommandExecutor.java:158)
	at org.openqa.selenium.remote.service.DriverCommandExecutor.execute(DriverCommandExecutor.java:83)
	at org.openqa.selenium.remote.RemoteWebDriver.execute(RemoteWebDriver.java:552)
	at org.openqa.selenium.remote.RemoteWebDriver.findElement(RemoteWebDriver.java:323)
	at org.openqa.selenium.remote.RemoteWebDriver.findElementByXPath(RemoteWebDriver.java:428)
	at org.openqa.selenium.By$ByXPath.findElement(By.java:353)
	at org.openqa.selenium.remote.RemoteWebDriver.findElement(RemoteWebDriver.java:315)
	at pageObject.HomePage.getSearch(HomePage.java:16)
	at stepDefination.SeleniumPracticeStepDefinitation.user_serach_for_vegitable(SeleniumPracticeStepDefinitation.java:28)
	at âœ½.User serach for "Brinjal" vegitable(file:///C:/Users/LENOVO/cucumber-learning/automation/src/test/java/features/SeleniumPractice.feature:14)

  And added items to cart                                              # stepDefination.SeleniumPracticeStepDefinitation.added_items_to_cart()
  And user proceeded to checkout page for purchase                     # stepDefination.SeleniumPracticeStepDefinitation.user_proceeded_to_checkout_page_for_purchase()
  Then verify selected "Brinjal" items are displayed in check out page # stepDefination.SeleniumPracticeStepDefinitation.verify_selected_items_are_displayed_in_check_out_page(java.lang.String)
      org.openqa.selenium.WebDriverException: chrome not reachable
  (Session info: chrome=92.0.4515.131)
Build info: version: '3.141.59', revision: 'e82be7d358', time: '2018-11-14T08:17:03'
System info: host: 'DESKTOP-S0IV8SP', ip: '192.168.0.102', os.name: 'Windows 10', os.arch: 'amd64', os.version: '10.0', java.version: '1.8.0_281'
Driver info: org.openqa.selenium.chrome.ChromeDriver
Capabilities {acceptInsecureCerts: false, browserName: chrome, browserVersion: 92.0.4515.131, chrome: {chromedriverVersion: 92.0.4515.43 (8c61b7e2989f2..., userDataDir: C:\Users\LENOVO\AppData\Loc...}, goog:chromeOptions: {debuggerAddress: localhost:55354}, javascriptEnabled: true, networkConnectionEnabled: false, pageLoadStrategy: normal, platform: WINDOWS, platformName: WINDOWS, proxy: Proxy(), setWindowRect: true, strictFileInteractability: false, timeouts: {implicit: 0, pageLoad: 300000, script: 30000}, unhandledPromptBehavior: dismiss and notify, webauthn:extension:credBlob: true, webauthn:extension:largeBlob: true, webauthn:virtualAuthenticators: true}
Session ID: 982f9c64536979f68017f57490a76090
	at sun.reflect.NativeConstructorAccessorImpl.newInstance0(Native Method)
	at sun.reflect.NativeConstructorAccessorImpl.newInstance(NativeConstructorAccessorImpl.java:62)
	at sun.reflect.DelegatingConstructorAccessorImpl.newInstance(DelegatingConstructorAccessorImpl.java:45)
	at java.lang.reflect.Constructor.newInstance(Constructor.java:423)
	at org.openqa.selenium.remote.http.W3CHttpResponseCodec.createException(W3CHttpResponseCodec.java:187)
	at org.openqa.selenium.remote.http.W3CHttpResponseCodec.decode(W3CHttpResponseCodec.java:122)
	at org.openqa.selenium.remote.http.W3CHttpResponseCodec.decode(W3CHttpResponseCodec.java:49)
	at org.openqa.selenium.remote.HttpCommandExecutor.execute(HttpCommandExecutor.java:158)
	at org.openqa.selenium.remote.service.DriverCommandExecutor.execute(DriverCommandExecutor.java:83)
	at org.openqa.selenium.remote.RemoteWebDriver.execute(RemoteWebDriver.java:552)
	at org.openqa.selenium.remote.RemoteWebDriver.execute(RemoteWebDriver.java:609)
	at org.openqa.selenium.remote.RemoteWebDriver.close(RemoteWebDriver.java:442)
	at stepDefination.Hooks.SeleniumAfter(Hooks.java:21)

]]></system-out>
    <system-err><![CDATA[Starting ChromeDriver 92.0.4515.43 (8c61b7e2989f2990d42f859cac71319137787cce-refs/branch-heads/4515@{#306}) on port 38992
Only local connections are allowed.
Please see https://chromedriver.chromium.org/security-considerations for suggestions on keeping ChromeDriver safe.
ChromeDriver was started successfully.
Aug 10, 2021 9:44:07 PM org.openqa.selenium.remote.ProtocolHandshake createSession
INFO: Detected dialect: W3C
]]></system-err>
  </testcase>
  <testcase name="runScenario[&quot;Web test Home page default login&quot;, &quot;Optional[web application login]&quot;](13)" classname="cucumberRunner.TestNGRunner" time="0.022">
    <system-out><![CDATA[
@WebTest
Scenario: Web test Home page default login                                # src/test/java/features/WebTest.feature:4
before web hook
@user is on netbanking landing page
  Given user is on netbanking landing page                                # stepDefination.StepDefination.user_is_on_netbanking_landing_page()
Username: "brij"  Password: 1234
  When user login into application with username "brij" and password 1234 # stepDefination.StepDefination.user_login_into_application_with_username_and_password(java.lang.String,int)
@home page is populated
  Then home page is populated                                             # stepDefination.StepDefination.home_page_is_populated()
@cards are displayed: false
  And cards displayed "true"                                              # stepDefination.StepDefination.cards_are_displayed(java.lang.String)
after web hook
]]></system-out>
  </testcase>
  <testcase name="runScenario[&quot;Web test Home page default login&quot;, &quot;Optional[web application login]&quot;](14)" classname="cucumberRunner.TestNGRunner" time="0.025">
    <system-out><![CDATA[
@WebTest
Scenario: Web test Home page default login                                # src/test/java/features/WebTest.feature:11
before web hook
@user is on netbanking landing page
  Given user is on netbanking landing page                                # stepDefination.StepDefination.user_is_on_netbanking_landing_page()
Username: "brij"  Password: 1234
  When user login into application with username "brij" and password 1234 # stepDefination.StepDefination.user_login_into_application_with_username_and_password(java.lang.String,int)
@home page is populated
  Then home page is populated                                             # stepDefination.StepDefination.home_page_is_populated()
@cards are displayed: false
  And cards displayed "true"                                              # stepDefination.StepDefination.cards_are_displayed(java.lang.String)
after web hook
]]></system-out>
  </testcase>
</testsuite>