<?xml version="1.0" encoding="UTF-8"?>
<testng-results ignored="0" total="1" passed="1" failed="0" skipped="0">
  <reporter-output>
  </reporter-output>
  <suite started-at="2021-08-03T07:28:29 IST" name="Default suite" finished-at="2021-08-03T07:28:40 IST" duration-ms="10777">
    <groups>
      <group name="cucumber">
        <method signature="AbstractTestNGCucumberTests.runScenario(io.cucumber.testng.PickleWrapper,io.cucumber.testng.FeatureWrapper)[pri:0, instance:cucumberRunner.TestNGRunner@18d87d80]" name="runScenario" class="io.cucumber.testng.AbstractTestNGCucumberTests"/>
      </group> <!-- cucumber -->
    </groups>
    <test started-at="2021-08-03T07:28:29 IST" name="Default test" finished-at="2021-08-03T07:28:40 IST" duration-ms="10777">
      <class name="cucumberRunner.TestNGRunner">
        <test-method is-config="true" signature="setUpClass()[pri:0, instance:cucumberRunner.TestNGRunner@18d87d80]" started-at="2021-08-03T07:28:29 IST" name="setUpClass" finished-at="2021-08-03T07:28:30 IST" duration-ms="635" status="PASS">
          <reporter-output>
          </reporter-output>
        </test-method> <!-- setUpClass -->
        <test-method signature="runScenario(io.cucumber.testng.PickleWrapper,io.cucumber.testng.FeatureWrapper)[pri:0, instance:cucumberRunner.TestNGRunner@18d87d80]" started-at="2021-08-03T07:28:30 IST" name="runScenario" description="Runs Cucumber Scenarios" data-provider="scenarios" finished-at="2021-08-03T07:28:40 IST" duration-ms="9864" status="PASS">
          <params>
            <param index="0">
              <value>
                <![CDATA["Search for items and validate result"]]>
              </value>
            </param>
            <param index="1">
              <value>
                <![CDATA["Optional[Search and place order of vegitables]"]]>
              </value>
            </param>
          </params>
          <reporter-output>
          </reporter-output>
        </test-method> <!-- runScenario -->
        <test-method is-config="true" signature="tearDownClass()[pri:0, instance:cucumberRunner.TestNGRunner@18d87d80]" started-at="2021-08-03T07:28:40 IST" name="tearDownClass" finished-at="2021-08-03T07:28:40 IST" duration-ms="217" status="PASS">
          <reporter-output>
          </reporter-output>
        </test-method> <!-- tearDownClass -->
      </class> <!-- cucumberRunner.TestNGRunner -->
    </test> <!-- Default test -->
  </suite> <!-- Default suite -->
</testng-results>
